#
# A fatal error has been detected by the Java Runtime Environment:
#
#  EXCEPTION_ACCESS_VIOLATION (0xc0000005) at pc=0x0000000066a331f3, pid=6840, tid=0x0000000000003e14
#
# JRE version: Java(TM) SE Runtime Environment (8.0_131-b11) (build 1.8.0_131-b11)
# Java VM: Java HotSpot(TM) 64-Bit Server VM (25.131-b11 mixed mode windows-amd64 compressed oops)
# Problematic frame:
# V  [jvm.dll+0x2031f3]
#
# Failed to write core dump. Minidumps are not enabled by default on client versions of Windows
#
# If you would like to submit a bug report, please visit:
#   http://bugreport.java.com/bugreport/crash.jsp
#

---------------  T H R E A D  ---------------

Current thread (0x0000000003743800):  JavaThread "main" [_thread_in_vm, id=15892, stack(0x0000000003460000,0x0000000003560000)]

siginfo: ExceptionCode=0xc0000005, reading address 0x0000001800000031

Registers:
RAX=0x0000001800000011, RBX=0x00000000ffffffff, RCX=0x0000000000001f40, RDX=0x00000000ffffffff
RSP=0x000000000355ec30, RBP=0x0000000003743800, RSI=0x000000000355ed70, RDI=0x000000000355ec90
R8 =0x00000007c0010428, R9 =0x000000000355ed70, R10=0x0000000000000000, R11=0x0000000000000001
R12=0x0000000000000000, R13=0x0000000000000005, R14=0x000000000355f090, R15=0x000000000355f090
RIP=0x0000000066a331f3, EFLAGS=0x0000000000010202

Top of Stack: (sp=0x000000000355ec30)
0x000000000355ec30:   000000000378c790 00000000668edba7
0x000000000355ec40:   00000007c0060c48 000000000378e020
0x000000000355ec50:   000000000378c790 000000000355ee80
0x000000000355ec60:   00000000ffffffff 0000000066a33992
0x000000000355ec70:   000000000355ecf0 00000000ffffffff
0x000000000355ec80:   000000000363a270 0000000000000000
0x000000000355ec90:   00000007c0001300 0000000003743800
0x000000000355eca0:   000000000355ed60 00000000668ed5cc
0x000000000355ecb0:   000000000355f090 000000000355ed60
0x000000000355ecc0:   000000000378c790 000000000378e020
0x000000000355ecd0:   000000000363e650 000000000363ea28
0x000000000355ece0:   00000000000003d8 000000000363e640
0x000000000355ecf0:   00000007c0001300 0000000003743800
0x000000000355ed00:   0000000000000000 00000000668a1607
0x000000000355ed10:   0000000000000001 00000000668f0a6e
0x000000000355ed20:   000000000355ed60 0000000003743800 

Instructions: (pc=0x0000000066a331f3)
0x0000000066a331d3:   ff 32 c0 48 8b 5c 24 40 48 83 c4 30 5f c3 80 3d
0x0000000066a331e3:   ed 31 5a 00 00 74 0f 48 8b 41 08 b9 40 1f 00 00
0x0000000066a331f3:   66 39 48 20 77 d3 48 8d 4c 24 20 48 8b d7 e8 5a
0x0000000066a33203:   c2 e2 ff 48 8b c8 e8 22 bf 11 00 84 c0 74 ba 83 


Register to memory mapping:

RAX=0x0000001800000011 is an unknown value
RBX=0x00000000ffffffff is an unknown value
RCX=0x0000000000001f40 is an unknown value
RDX=0x00000000ffffffff is an unknown value
RSP=0x000000000355ec30 is pointing into the stack for thread: 0x0000000003743800
RBP=0x0000000003743800 is a thread
RSI=0x000000000355ed70 is pointing into the stack for thread: 0x0000000003743800
RDI=0x000000000355ec90 is pointing into the stack for thread: 0x0000000003743800
R8 =0x00000007c0010428 is pointing into metadata
R9 =0x000000000355ed70 is pointing into the stack for thread: 0x0000000003743800
R10=0x0000000000000000 is an unknown value
R11=0x0000000000000001 is an unknown value
R12=0x0000000000000000 is an unknown value
R13=0x0000000000000005 is an unknown value
R14=0x000000000355f090 is pointing into the stack for thread: 0x0000000003743800
R15=0x000000000355f090 is pointing into the stack for thread: 0x0000000003743800


Stack: [0x0000000003460000,0x0000000003560000],  sp=0x000000000355ec30,  free space=1019k
Native frames: (J=compiled Java code, j=interpreted, Vv=VM code, C=native code)
V  [jvm.dll+0x2031f3]
V  [jvm.dll+0x203992]
V  [jvm.dll+0xbd5cc]
V  [jvm.dll+0xc0a6e]
V  [jvm.dll+0xc1fc4]
V  [jvm.dll+0xc3487]
V  [jvm.dll+0xc3e0a]
V  [jvm.dll+0xc4467]
V  [jvm.dll+0xbc723]
C  0x0000000003863bbe

Java frames: (J=compiled Java code, j=interpreted, Vv=VM code)
j  com.github.wendao76.copy.TestDeepCopyKryo.main([Ljava/lang/String;)V+126
v  ~StubRoutines::call_stub

---------------  P R O C E S S  ---------------

Java Threads: ( => current thread )
  0x000000001e35e800 JavaThread "Service Thread" daemon [_thread_blocked, id=11172, stack(0x000000001ec00000,0x000000001ed00000)]
  0x000000001e2e9800 JavaThread "C1 CompilerThread2" daemon [_thread_blocked, id=8500, stack(0x000000001eb00000,0x000000001ec00000)]
  0x000000001e2e8000 JavaThread "C2 CompilerThread1" daemon [_thread_blocked, id=13740, stack(0x000000001ea00000,0x000000001eb00000)]
  0x000000001e2e5000 JavaThread "C2 CompilerThread0" daemon [_thread_blocked, id=23184, stack(0x000000001e900000,0x000000001ea00000)]
  0x000000001e2a2000 JavaThread "Monitor Ctrl-Break" daemon [_thread_in_native, id=21592, stack(0x000000001e800000,0x000000001e900000)]
  0x000000001ce9e800 JavaThread "Attach Listener" daemon [_thread_blocked, id=19928, stack(0x000000001e700000,0x000000001e800000)]
  0x000000001ce39800 JavaThread "Signal Dispatcher" daemon [_thread_blocked, id=19384, stack(0x000000001e600000,0x000000001e700000)]
  0x000000000383c800 JavaThread "Finalizer" daemon [_thread_blocked, id=5240, stack(0x000000001e0a0000,0x000000001e1a0000)]
  0x000000001ce08800 JavaThread "Reference Handler" daemon [_thread_blocked, id=3004, stack(0x000000001dfa0000,0x000000001e0a0000)]
=>0x0000000003743800 JavaThread "main" [_thread_in_vm, id=15892, stack(0x0000000003460000,0x0000000003560000)]

Other Threads:
  0x000000001ce07000 VMThread [stack: 0x000000001dea0000,0x000000001dfa0000] [id=6360]
  0x000000001e3e2000 WatcherThread [stack: 0x000000001ed00000,0x000000001ee00000] [id=868]

VM state:not at safepoint (normal execution)

VM Mutex/Monitor currently owned by a thread: None

Heap:
 PSYoungGen      total 76288K, used 13109K [0x000000076b200000, 0x0000000770700000, 0x00000007c0000000)
  eden space 65536K, 20% used [0x000000076b200000,0x000000076becd640,0x000000076f200000)
  from space 10752K, 0% used [0x000000076fc80000,0x000000076fc80000,0x0000000770700000)
  to   space 10752K, 0% used [0x000000076f200000,0x000000076f200000,0x000000076fc80000)
 ParOldGen       total 175104K, used 0K [0x00000006c1600000, 0x00000006cc100000, 0x000000076b200000)
  object space 175104K, 0% used [0x00000006c1600000,0x00000006c1600000,0x00000006cc100000)
 Metaspace       used 6316K, capacity 6514K, committed 6784K, reserved 1056768K
  class space    used 696K, capacity 771K, committed 896K, reserved 1048576K

Card table byte_map: [0x0000000012c00000,0x0000000013400000] byte_map_base: 0x000000000f5f5000

Marking Bits: (ParMarkBitMap*) 0x000000006704c720
 Begin Bits: [0x0000000013d50000, 0x0000000017cf8000)
 End Bits:   [0x0000000017cf8000, 0x000000001bca0000)

Polling page: 0x00000000030b0000

CodeCache: size=245760Kb used=1888Kb max_used=1903Kb free=243871Kb
 bounds [0x0000000003840000, 0x0000000003ab0000, 0x0000000012840000]
 total_blobs=679 nmethods=371 adapters=221
 compilation: enabled

Compilation events (10 events):
Event: 0.291 Thread 0x000000001e2e9800  367       1       java.util.jar.JarFile::access$300 (5 bytes)
Event: 0.291 Thread 0x000000001e2e9800 nmethod 367 0x00000000039ffc10 code [0x00000000039ffd60, 0x00000000039ffe50]
Event: 0.292 Thread 0x000000001e2e5000 nmethod 368 0x00000000039ff450 code [0x00000000039ff5a0, 0x00000000039ff8f8]
Event: 0.293 Thread 0x000000001e2e9800  369       1       java.lang.StringCoding$StringDecoder::requestedCharsetName (5 bytes)
Event: 0.293 Thread 0x000000001e2e9800 nmethod 369 0x00000000039fed90 code [0x00000000039feee0, 0x00000000039feff0]
Event: 0.293 Thread 0x000000001e2e9800  370       3       java.util.jar.Manifest$FastInputStream::readLine (167 bytes)
Event: 0.294 Thread 0x000000001e2e9800 nmethod 370 0x0000000003a17c50 code [0x0000000003a17e00, 0x0000000003a183d8]
Event: 0.296 Thread 0x000000001e2e5000  371       4       java.util.Arrays::copyOfRange (63 bytes)
Event: 0.298 Thread 0x000000001e2e5000 nmethod 371 0x0000000003a16290 code [0x0000000003a163e0, 0x0000000003a165f8]
Event: 0.300 Thread 0x000000001e2e8000 nmethod 356 0x0000000003a1c810 code [0x0000000003a1ca20, 0x0000000003a1db50]

GC Heap History (0 events):
No events

Deoptimization events (0 events):
No events

Internal exceptions (5 events):
Event: 0.035 Thread 0x0000000003743800 Exception <a 'java/lang/NoSuchMethodError': Method sun.misc.Unsafe.defineClass(Ljava/lang/String;[BII)Ljava/lang/Class; name or signature does not match> (0x000000076b207ca8) thrown at [C:\re\workspace\8-2-build-windows-amd64-cygwin\jdk8u131\8869\hotspot\
Event: 0.035 Thread 0x0000000003743800 Exception <a 'java/lang/NoSuchMethodError': Method sun.misc.Unsafe.prefetchRead(Ljava/lang/Object;J)V name or signature does not match> (0x000000076b207f90) thrown at [C:\re\workspace\8-2-build-windows-amd64-cygwin\jdk8u131\8869\hotspot\src\share\vm\prims
Event: 0.240 Thread 0x0000000003743800 Exception <a 'java/lang/NoSuchFieldError': method resolution failed> (0x000000076bb2fba8) thrown at [C:\re\workspace\8-2-build-windows-amd64-cygwin\jdk8u131\8869\hotspot\src\share\vm\prims\methodHandles.cpp, line 1146]
Event: 0.241 Thread 0x0000000003743800 Exception <a 'java/lang/NoSuchFieldError': method resolution failed> (0x000000076bb3da50) thrown at [C:\re\workspace\8-2-build-windows-amd64-cygwin\jdk8u131\8869\hotspot\src\share\vm\prims\methodHandles.cpp, line 1146]
Event: 0.274 Thread 0x0000000003743800 Exception <a 'java/lang/ArrayIndexOutOfBoundsException': 18> (0x000000076bc8a410) thrown at [C:\re\workspace\8-2-build-windows-amd64-cygwin\jdk8u131\8869\hotspot\src\share\vm\interpreter\interpreterRuntime.cpp, line 366]

Events (10 events):
Event: 0.299 loading class com/esotericsoftware/asm/Item
Event: 0.299 loading class com/esotericsoftware/asm/Item done
Event: 0.302 loading class java/lang/ClassFormatError
Event: 0.302 loading class java/lang/ClassFormatError done
Event: 0.302 loading class java/lang/AssertionStatusDirectives
Event: 0.302 loading class java/lang/AssertionStatusDirectives done
Event: 0.302 loading class com/esotericsoftware/reflectasm/PublicConstructorAccess
Event: 0.302 loading class com/esotericsoftware/reflectasm/PublicConstructorAccess done
Event: 0.303 loading class com/esotericsoftware/kryo/util/DefaultInstantiatorStrategy$1
Event: 0.303 loading class com/esotericsoftware/kryo/util/DefaultInstantiatorStrategy$1 done


Dynamic libraries:
0x00007ff767520000 - 0x00007ff767557000 	D:\Program Files\Java\jdk1.8.0_131\bin\java.exe
0x00007ff8fe260000 - 0x00007ff8fe441000 	C:\WINDOWS\SYSTEM32\ntdll.dll
0x00007ff8fbdd0000 - 0x00007ff8fbe81000 	C:\WINDOWS\System32\KERNEL32.DLL
0x00007ff8fa610000 - 0x00007ff8fa883000 	C:\WINDOWS\System32\KERNELBASE.dll
0x00007ff8fbd20000 - 0x00007ff8fbdc1000 	C:\WINDOWS\System32\ADVAPI32.dll
0x00007ff8fc550000 - 0x00007ff8fc5ee000 	C:\WINDOWS\System32\msvcrt.dll
0x00007ff8fc5f0000 - 0x00007ff8fc64b000 	C:\WINDOWS\System32\sechost.dll
0x00007ff8fba20000 - 0x00007ff8fbb44000 	C:\WINDOWS\System32\RPCRT4.dll
0x00007ff8fbe90000 - 0x00007ff8fc021000 	C:\WINDOWS\System32\USER32.dll
0x00007ff8fa910000 - 0x00007ff8fa930000 	C:\WINDOWS\System32\win32u.dll
0x00007ff8fb9f0000 - 0x00007ff8fba18000 	C:\WINDOWS\System32\GDI32.dll
0x00007ff8faa30000 - 0x00007ff8fabc1000 	C:\WINDOWS\System32\gdi32full.dll
0x00007ff8faed0000 - 0x00007ff8faf6f000 	C:\WINDOWS\System32\msvcp_win.dll
0x00007ff8fa930000 - 0x00007ff8faa28000 	C:\WINDOWS\System32\ucrtbase.dll
0x00007ff8f0970000 - 0x00007ff8f0bd9000 	C:\WINDOWS\WinSxS\amd64_microsoft.windows.common-controls_6595b64144ccf1df_6.0.17134.1184_none_d403e8b37c8ca406\COMCTL32.dll
0x00007ff8fc660000 - 0x00007ff8fc981000 	C:\WINDOWS\System32\combase.dll
0x00007ff8fa890000 - 0x00007ff8fa909000 	C:\WINDOWS\System32\bcryptPrimitives.dll
0x00007ff8fbcf0000 - 0x00007ff8fbd1d000 	C:\WINDOWS\System32\IMM32.DLL
0x00000000670d0000 - 0x00000000671a2000 	D:\Program Files\Java\jdk1.8.0_131\jre\bin\msvcr100.dll
0x0000000066830000 - 0x00000000670cc000 	D:\Program Files\Java\jdk1.8.0_131\jre\bin\server\jvm.dll
0x00007ff8fc100000 - 0x00007ff8fc108000 	C:\WINDOWS\System32\PSAPI.DLL
0x00007ff8f8360000 - 0x00007ff8f8383000 	C:\WINDOWS\SYSTEM32\WINMM.dll
0x00007ff8f4ed0000 - 0x00007ff8f4ed9000 	C:\WINDOWS\SYSTEM32\WSOCK32.dll
0x00007ff8f5c10000 - 0x00007ff8f5c1a000 	C:\WINDOWS\SYSTEM32\VERSION.dll
0x00007ff8fc220000 - 0x00007ff8fc28c000 	C:\WINDOWS\System32\WS2_32.dll
0x00007ff8f7f10000 - 0x00007ff8f7f3a000 	C:\WINDOWS\SYSTEM32\winmmbase.dll
0x00007ff8fb680000 - 0x00007ff8fb6c9000 	C:\WINDOWS\System32\cfgmgr32.dll
0x0000000066820000 - 0x000000006682f000 	D:\Program Files\Java\jdk1.8.0_131\jre\bin\verify.dll
0x00000000667f0000 - 0x0000000066819000 	D:\Program Files\Java\jdk1.8.0_131\jre\bin\java.dll
0x00000000667a0000 - 0x00000000667c3000 	D:\Program Files\Java\jdk1.8.0_131\jre\bin\instrument.dll
0x00000000667d0000 - 0x00000000667e6000 	D:\Program Files\Java\jdk1.8.0_131\jre\bin\zip.dll
0x00007ff8fc990000 - 0x00007ff8fddd5000 	C:\WINDOWS\System32\SHELL32.dll
0x00007ff8fbb50000 - 0x00007ff8fbbf9000 	C:\WINDOWS\System32\shcore.dll
0x00007ff8faf70000 - 0x00007ff8fb680000 	C:\WINDOWS\System32\windows.storage.dll
0x00007ff8fc290000 - 0x00007ff8fc2e1000 	C:\WINDOWS\System32\shlwapi.dll
0x00007ff8fa5d0000 - 0x00007ff8fa5e1000 	C:\WINDOWS\System32\kernel.appcore.dll
0x00007ff8fa5f0000 - 0x00007ff8fa60f000 	C:\WINDOWS\System32\profapi.dll
0x00007ff8fa570000 - 0x00007ff8fa5bc000 	C:\WINDOWS\System32\powrprof.dll
0x00007ff8fa5c0000 - 0x00007ff8fa5ca000 	C:\WINDOWS\System32\FLTLIB.DLL
0x00007ff8f36f0000 - 0x00007ff8f370a000 	D:\Program Files\IntelliJ IDEA 2018.1.5\bin\breakgen64.dll
0x0000000066780000 - 0x000000006679a000 	D:\Program Files\Java\jdk1.8.0_131\jre\bin\net.dll
0x00007ff8f9d30000 - 0x00007ff8f9d96000 	C:\WINDOWS\system32\mswsock.dll
0x00007ff8f9030000 - 0x00007ff8f91f9000 	C:\WINDOWS\SYSTEM32\dbghelp.dll

VM Arguments:
jvm_args: -javaagent:D:\Program Files\IntelliJ IDEA 2018.1.5\lib\idea_rt.jar=54678:D:\Program Files\IntelliJ IDEA 2018.1.5\bin -Dfile.encoding=UTF-8 
java_command: com.github.wendao76.copy.TestDeepCopyKryo
java_class_path (initial): D:\Program Files\Java\jdk1.8.0_131\jre\lib\charsets.jar;D:\Program Files\Java\jdk1.8.0_131\jre\lib\deploy.jar;D:\Program Files\Java\jdk1.8.0_131\jre\lib\ext\access-bridge-64.jar;D:\Program Files\Java\jdk1.8.0_131\jre\lib\ext\cldrdata.jar;D:\Program Files\Java\jdk1.8.0_131\jre\lib\ext\dnsns.jar;D:\Program Files\Java\jdk1.8.0_131\jre\lib\ext\jaccess.jar;D:\Program Files\Java\jdk1.8.0_131\jre\lib\ext\jfxrt.jar;D:\Program Files\Java\jdk1.8.0_131\jre\lib\ext\localedata.jar;D:\Program Files\Java\jdk1.8.0_131\jre\lib\ext\nashorn.jar;D:\Program Files\Java\jdk1.8.0_131\jre\lib\ext\sunec.jar;D:\Program Files\Java\jdk1.8.0_131\jre\lib\ext\sunjce_provider.jar;D:\Program Files\Java\jdk1.8.0_131\jre\lib\ext\sunmscapi.jar;D:\Program Files\Java\jdk1.8.0_131\jre\lib\ext\sunpkcs11.jar;D:\Program Files\Java\jdk1.8.0_131\jre\lib\ext\zipfs.jar;D:\Program Files\Java\jdk1.8.0_131\jre\lib\javaws.jar;D:\Program Files\Java\jdk1.8.0_131\jre\lib\jce.jar;D:\Program Files\Java\jdk1.8.0_131\jre\lib\jfr.jar;D:\Program Files\Java\jdk1.8.0_131\jre\lib\jfxswt.jar;D:\Program Files\Java\jdk1.8.0_131\jre\lib\jsse.jar;D:\Program Files\Java\jdk1.8.0_131\jre\lib\management-agent.jar;D:\Program Files\Java\jdk1.8.0_131\jre\lib\plugin.jar;D:\Program Files\Java\jdk1.8.0_131\jre\lib\resources.jar;D:\Program Files\Java\jdk1.8.0_131\jre\lib\rt.jar;E:\Projects\JavaDemo\target\classes;D:\.m2\repository\com\google\guava\guava\28.1-jre\guava-28.1-jre.jar;D:\.m2\repository\com\google\guava\failureaccess\1.0.1\failureaccess-1.0.1.jar;D:\.m2\repository\com\google\guava\listenablefuture\9999.0-empty-to-avoid-conflict-with-guava\listenablefuture-9999.0-empty-to-avoid-conflict-with-guava.jar;D:\.m2\repository\com\google\code\findbugs\jsr305\3.0.2\jsr305-3.0.2.jar;D:\.m2\repository\org\checkerframework\checker-qual\2.8.1\checker-qual-2.8.1.jar;D:\.m2\repository\com\google\errorprone\error_prone_annotations\2.3.2\error_prone_annotations-2.3.2.jar;D:\.m2\repository\com\google\j2objc\j2objc-annotat
Launcher Type: SUN_STANDARD

Environment Variables:
PATH=C:\Program Files (x86)\Common Files\Oracle\Java\javapath;C:\ProgramData\Oracle\Java\javapath;C:\Program Files (x86)\Intel\iCLS Client\;C:\Program Files\Intel\iCLS Client\;C:\Windows\system32;C:\Windows;C:\Windows\System32\Wbem;C:\Windows\System32\WindowsPowerShell\v1.0\;C:\Program Files (x86)\NVIDIA Corporation\PhysX\Common;C:\Program Files (x86)\Intel\Intel(R) Management Engine Components\DAL;C:\Program Files\Intel\Intel(R) Management Engine Components\DAL;C:\Program Files (x86)\Intel\Intel(R) Management Engine Components\IPT;C:\Program Files\Intel\Intel(R) Management Engine Components\IPT;C:\WINDOWS\system32;C:\WINDOWS;C:\WINDOWS\System32\Wbem;C:\WINDOWS\System32\WindowsPowerShell\v1.0\;C:\WINDOWS\System32\OpenSSH\;D:\Program Files\Microsoft VS Code\bin;D:\Program Files\cmder;D:\Python\Python37;D:\Python\Python37\Scripts;E:\phpStudy\PHPTutorial\php\php-5.6.27-nts;D:\phpStudy\PHPTutorial\php\php-7.2.1-nts;D:\composer;D:\Program Files\Maven\apache-maven-3.6.0\bin;D:\Go\bin;D:\Program Files\TortoiseGit27\bin;D:\Program Files\nodejs\;D:\Program Files\Git\cmd;C:\Program Files\NVIDIA Corporation\NVIDIA NvDLISR;C:\Users\wendao76\AppData\Local\Microsoft\WindowsApps;;D:\Program Files\Microsoft VS Code\bin;D:\Users\wendao76\AppData\Local\Programs\Fiddler;C:\Users\wendao76\go\bin;C:\Users\wendao76\AppData\Roaming\Composer\vendor\bin;D:\Program Files\Fiddler;C:\Users\wendao76\go\bin;C:\Users\wendao76\AppData\Roaming\npm
USERNAME=wendao76
OS=Windows_NT
PROCESSOR_IDENTIFIER=Intel64 Family 6 Model 158 Stepping 9, GenuineIntel



---------------  S Y S T E M  ---------------

OS: Windows 10.0 , 64 bit Build 17134 (10.0.17134.753)

CPU:total 4 (initial active 4) (4 cores per cpu, 1 threads per core) family 6 model 158 stepping 9, cmov, cx8, fxsr, mmx, sse, sse2, sse3, ssse3, sse4.1, sse4.2, popcnt, avx, avx2, aes, clmul, erms, 3dnowpref, lzcnt, tsc, tscinvbit, bmi1, bmi2, adx

Memory: 4k page, physical 16685620k(8683612k free), swap 27695668k(15149496k free)

vm_info: Java HotSpot(TM) 64-Bit Server VM (25.131-b11) for windows-amd64 JRE (1.8.0_131-b11), built on Mar 15 2017 01:23:53 by "java_re" with MS VC++ 10.0 (VS2010)

time: Wed Dec 18 22:57:29 2019
elapsed time: 0 seconds (0d 0h 0m 0s)

